2023-08-08 11:19:48 [scrapy.extensions.telnet] INFO: Telnet Password: 6c1bbbfc903f6968
2023-08-08 11:19:48 [scrapy.middleware] INFO: Enabled extensions:
['scrapy.extensions.corestats.CoreStats',
 'scrapy.extensions.telnet.TelnetConsole',
 'scrapy.extensions.memusage.MemoryUsage',
 'scrapy.extensions.logstats.LogStats']
2023-08-08 11:19:48 [scrapy.middleware] INFO: Enabled downloader middlewares:
['scrapy.downloadermiddlewares.httpauth.HttpAuthMiddleware',
 'scrapy.downloadermiddlewares.downloadtimeout.DownloadTimeoutMiddleware',
 'scrapy.downloadermiddlewares.defaultheaders.DefaultHeadersMiddleware',
 'scrapy.downloadermiddlewares.useragent.UserAgentMiddleware',
 'scrapy.downloadermiddlewares.retry.RetryMiddleware',
 'scrapy.downloadermiddlewares.redirect.MetaRefreshMiddleware',
 'scrapy.downloadermiddlewares.httpcompression.HttpCompressionMiddleware',
 'scrapy.downloadermiddlewares.redirect.RedirectMiddleware',
 'scrapy.downloadermiddlewares.cookies.CookiesMiddleware',
 'scrapy.downloadermiddlewares.httpproxy.HttpProxyMiddleware',
 'scrapy.downloadermiddlewares.stats.DownloaderStats']
2023-08-08 11:19:48 [scrapy.middleware] INFO: Enabled spider middlewares:
['scrapy.spidermiddlewares.httperror.HttpErrorMiddleware',
 'scrapy.spidermiddlewares.offsite.OffsiteMiddleware',
 'scrapy.spidermiddlewares.referer.RefererMiddleware',
 'scrapy.spidermiddlewares.urllength.UrlLengthMiddleware',
 'scrapy.spidermiddlewares.depth.DepthMiddleware']
2023-08-08 11:19:48 [scrapy.middleware] INFO: Enabled item pipelines:
[]
2023-08-08 11:19:48 [scrapy.core.engine] INFO: Spider opened
2023-08-08 11:19:48 [scrapy.extensions.logstats] INFO: Crawled 0 pages (at 0 pages/min), scraped 0 items (at 0 items/min)
2023-08-08 11:19:48 [scrapy.extensions.telnet] INFO: Telnet console listening on 127.0.0.1:6023
2023-08-08 11:19:49 [scrapy.core.engine] INFO: Closing spider (finished)
2023-08-08 11:19:49 [scrapy.statscollectors] INFO: Dumping Scrapy stats:
{'downloader/request_bytes': 332,
 'downloader/request_count': 1,
 'downloader/request_method_count/GET': 1,
 'downloader/response_bytes': 94858,
 'downloader/response_count': 1,
 'downloader/response_status_count/200': 1,
 'elapsed_time_seconds': 0.398525,
 'finish_reason': 'finished',
 'finish_time': datetime.datetime(2023, 8, 8, 2, 19, 49, 379175),
 'httpcompression/response_bytes': 406615,
 'httpcompression/response_count': 1,
 'log_count/INFO': 10,
 'memusage/max': 61337600,
 'memusage/startup': 61337600,
 'response_received_count': 1,
 'scheduler/dequeued': 1,
 'scheduler/dequeued/memory': 1,
 'scheduler/enqueued': 1,
 'scheduler/enqueued/memory': 1,
 'start_time': datetime.datetime(2023, 8, 8, 2, 19, 48, 980650)}
2023-08-08 11:19:49 [scrapy.core.engine] INFO: Spider closed (finished)
2023-08-08 11:21:30 [scrapy.extensions.telnet] INFO: Telnet Password: c2bd1b0baca607ef
2023-08-08 11:21:30 [scrapy.middleware] INFO: Enabled extensions:
['scrapy.extensions.corestats.CoreStats',
 'scrapy.extensions.telnet.TelnetConsole',
 'scrapy.extensions.memusage.MemoryUsage',
 'scrapy.extensions.logstats.LogStats']
2023-08-08 11:21:30 [scrapy.middleware] INFO: Enabled downloader middlewares:
['scrapy.downloadermiddlewares.httpauth.HttpAuthMiddleware',
 'scrapy.downloadermiddlewares.downloadtimeout.DownloadTimeoutMiddleware',
 'scrapy.downloadermiddlewares.defaultheaders.DefaultHeadersMiddleware',
 'scrapy.downloadermiddlewares.useragent.UserAgentMiddleware',
 'scrapy.downloadermiddlewares.retry.RetryMiddleware',
 'scrapy.downloadermiddlewares.redirect.MetaRefreshMiddleware',
 'scrapy.downloadermiddlewares.httpcompression.HttpCompressionMiddleware',
 'scrapy.downloadermiddlewares.redirect.RedirectMiddleware',
 'scrapy.downloadermiddlewares.cookies.CookiesMiddleware',
 'scrapy.downloadermiddlewares.httpproxy.HttpProxyMiddleware',
 'scrapy.downloadermiddlewares.stats.DownloaderStats']
2023-08-08 11:21:30 [scrapy.middleware] INFO: Enabled spider middlewares:
['scrapy.spidermiddlewares.httperror.HttpErrorMiddleware',
 'scrapy.spidermiddlewares.offsite.OffsiteMiddleware',
 'scrapy.spidermiddlewares.referer.RefererMiddleware',
 'scrapy.spidermiddlewares.urllength.UrlLengthMiddleware',
 'scrapy.spidermiddlewares.depth.DepthMiddleware']
2023-08-08 11:21:30 [scrapy.middleware] INFO: Enabled item pipelines:
[]
2023-08-08 11:21:30 [scrapy.core.engine] INFO: Spider opened
2023-08-08 11:21:30 [scrapy.extensions.logstats] INFO: Crawled 0 pages (at 0 pages/min), scraped 0 items (at 0 items/min)
2023-08-08 11:21:30 [scrapy.extensions.telnet] INFO: Telnet console listening on 127.0.0.1:6023
2023-08-08 11:21:30 [scrapy.core.engine] INFO: Closing spider (finished)
2023-08-08 11:21:30 [scrapy.statscollectors] INFO: Dumping Scrapy stats:
{'downloader/request_bytes': 332,
 'downloader/request_count': 1,
 'downloader/request_method_count/GET': 1,
 'downloader/response_bytes': 93305,
 'downloader/response_count': 1,
 'downloader/response_status_count/200': 1,
 'elapsed_time_seconds': 0.611595,
 'finish_reason': 'finished',
 'finish_time': datetime.datetime(2023, 8, 8, 2, 21, 30, 863823),
 'httpcompression/response_bytes': 406849,
 'httpcompression/response_count': 1,
 'log_count/INFO': 10,
 'memusage/max': 61337600,
 'memusage/startup': 61337600,
 'response_received_count': 1,
 'scheduler/dequeued': 1,
 'scheduler/dequeued/memory': 1,
 'scheduler/enqueued': 1,
 'scheduler/enqueued/memory': 1,
 'start_time': datetime.datetime(2023, 8, 8, 2, 21, 30, 252228)}
2023-08-08 11:21:30 [scrapy.core.engine] INFO: Spider closed (finished)
2023-08-08 11:25:39 [scrapy.extensions.telnet] INFO: Telnet Password: a87d443d755f1f43
2023-08-08 11:25:39 [scrapy.middleware] INFO: Enabled extensions:
['scrapy.extensions.corestats.CoreStats',
 'scrapy.extensions.telnet.TelnetConsole',
 'scrapy.extensions.memusage.MemoryUsage',
 'scrapy.extensions.logstats.LogStats']
2023-08-08 11:25:39 [scrapy.middleware] INFO: Enabled downloader middlewares:
['data_stars.middlewares.SaveHtmlMiddleware',
 'scrapy.downloadermiddlewares.httpauth.HttpAuthMiddleware',
 'scrapy.downloadermiddlewares.downloadtimeout.DownloadTimeoutMiddleware',
 'scrapy.downloadermiddlewares.defaultheaders.DefaultHeadersMiddleware',
 'scrapy.downloadermiddlewares.useragent.UserAgentMiddleware',
 'scrapy.downloadermiddlewares.retry.RetryMiddleware',
 'scrapy.downloadermiddlewares.redirect.MetaRefreshMiddleware',
 'scrapy.downloadermiddlewares.httpcompression.HttpCompressionMiddleware',
 'scrapy.downloadermiddlewares.redirect.RedirectMiddleware',
 'scrapy.downloadermiddlewares.cookies.CookiesMiddleware',
 'scrapy.downloadermiddlewares.httpproxy.HttpProxyMiddleware',
 'scrapy.downloadermiddlewares.stats.DownloaderStats']
2023-08-08 11:25:39 [scrapy.middleware] INFO: Enabled spider middlewares:
['scrapy.spidermiddlewares.httperror.HttpErrorMiddleware',
 'scrapy.spidermiddlewares.offsite.OffsiteMiddleware',
 'scrapy.spidermiddlewares.referer.RefererMiddleware',
 'scrapy.spidermiddlewares.urllength.UrlLengthMiddleware',
 'scrapy.spidermiddlewares.depth.DepthMiddleware']
2023-08-08 11:25:39 [scrapy.middleware] INFO: Enabled item pipelines:
[]
2023-08-08 11:25:39 [scrapy.core.engine] INFO: Spider opened
2023-08-08 11:25:39 [scrapy.extensions.logstats] INFO: Crawled 0 pages (at 0 pages/min), scraped 0 items (at 0 items/min)
2023-08-08 11:25:39 [scrapy.extensions.telnet] INFO: Telnet console listening on 127.0.0.1:6023
2023-08-08 11:25:40 [scrapy.core.engine] INFO: Closing spider (finished)
2023-08-08 11:25:40 [scrapy.statscollectors] INFO: Dumping Scrapy stats:
{'downloader/request_bytes': 332,
 'downloader/request_count': 1,
 'downloader/request_method_count/GET': 1,
 'downloader/response_bytes': 94285,
 'downloader/response_count': 1,
 'downloader/response_status_count/200': 1,
 'elapsed_time_seconds': 0.541185,
 'finish_reason': 'finished',
 'finish_time': datetime.datetime(2023, 8, 8, 2, 25, 40, 467497),
 'httpcompression/response_bytes': 406975,
 'httpcompression/response_count': 1,
 'log_count/INFO': 10,
 'memusage/max': 61333504,
 'memusage/startup': 61333504,
 'response_received_count': 1,
 'scheduler/dequeued': 1,
 'scheduler/dequeued/memory': 1,
 'scheduler/enqueued': 1,
 'scheduler/enqueued/memory': 1,
 'start_time': datetime.datetime(2023, 8, 8, 2, 25, 39, 926312)}
2023-08-08 11:25:40 [scrapy.core.engine] INFO: Spider closed (finished)
2023-08-08 11:48:13 [scrapy.extensions.telnet] INFO: Telnet Password: 359882a4e3f5a12b
2023-08-08 11:48:13 [scrapy.middleware] INFO: Enabled extensions:
['scrapy.extensions.corestats.CoreStats',
 'scrapy.extensions.telnet.TelnetConsole',
 'scrapy.extensions.memusage.MemoryUsage',
 'scrapy.extensions.logstats.LogStats']
2023-08-08 11:48:13 [scrapy.middleware] INFO: Enabled downloader middlewares:
['data_stars.middlewares.SaveHtmlMiddleware',
 'scrapy.downloadermiddlewares.httpauth.HttpAuthMiddleware',
 'scrapy.downloadermiddlewares.downloadtimeout.DownloadTimeoutMiddleware',
 'scrapy.downloadermiddlewares.defaultheaders.DefaultHeadersMiddleware',
 'scrapy.downloadermiddlewares.useragent.UserAgentMiddleware',
 'scrapy.downloadermiddlewares.retry.RetryMiddleware',
 'scrapy.downloadermiddlewares.redirect.MetaRefreshMiddleware',
 'scrapy.downloadermiddlewares.httpcompression.HttpCompressionMiddleware',
 'scrapy.downloadermiddlewares.redirect.RedirectMiddleware',
 'scrapy.downloadermiddlewares.cookies.CookiesMiddleware',
 'scrapy.downloadermiddlewares.httpproxy.HttpProxyMiddleware',
 'scrapy.downloadermiddlewares.stats.DownloaderStats']
2023-08-08 11:48:13 [scrapy.middleware] INFO: Enabled spider middlewares:
['scrapy.spidermiddlewares.httperror.HttpErrorMiddleware',
 'scrapy.spidermiddlewares.offsite.OffsiteMiddleware',
 'scrapy.spidermiddlewares.referer.RefererMiddleware',
 'scrapy.spidermiddlewares.urllength.UrlLengthMiddleware',
 'scrapy.spidermiddlewares.depth.DepthMiddleware']
2023-08-08 11:48:13 [scrapy.middleware] INFO: Enabled item pipelines:
[]
2023-08-08 11:48:13 [scrapy.core.engine] INFO: Spider opened
2023-08-08 11:48:13 [scrapy.extensions.logstats] INFO: Crawled 0 pages (at 0 pages/min), scraped 0 items (at 0 items/min)
2023-08-08 11:48:13 [scrapy.extensions.telnet] INFO: Telnet console listening on 127.0.0.1:6023
2023-08-08 11:48:13 [scrapy.core.engine] INFO: Closing spider (finished)
2023-08-08 11:48:13 [scrapy.statscollectors] INFO: Dumping Scrapy stats:
{'downloader/request_bytes': 332,
 'downloader/request_count': 1,
 'downloader/request_method_count/GET': 1,
 'downloader/response_bytes': 92759,
 'downloader/response_count': 1,
 'downloader/response_status_count/200': 1,
 'elapsed_time_seconds': 0.642862,
 'finish_reason': 'finished',
 'finish_time': datetime.datetime(2023, 8, 8, 2, 48, 13, 934761),
 'httpcompression/response_bytes': 407073,
 'httpcompression/response_count': 1,
 'log_count/INFO': 10,
 'memusage/max': 61337600,
 'memusage/startup': 61337600,
 'response_received_count': 1,
 'scheduler/dequeued': 1,
 'scheduler/dequeued/memory': 1,
 'scheduler/enqueued': 1,
 'scheduler/enqueued/memory': 1,
 'start_time': datetime.datetime(2023, 8, 8, 2, 48, 13, 291899)}
2023-08-08 11:48:13 [scrapy.core.engine] INFO: Spider closed (finished)
2023-08-08 11:48:36 [scrapy.extensions.telnet] INFO: Telnet Password: 622843a81fe42823
2023-08-08 11:48:36 [scrapy.middleware] INFO: Enabled extensions:
['scrapy.extensions.corestats.CoreStats',
 'scrapy.extensions.telnet.TelnetConsole',
 'scrapy.extensions.memusage.MemoryUsage',
 'scrapy.extensions.logstats.LogStats']
2023-08-08 11:48:36 [scrapy.middleware] INFO: Enabled downloader middlewares:
['data_stars.middlewares.SaveHtmlMiddleware',
 'scrapy.downloadermiddlewares.httpauth.HttpAuthMiddleware',
 'scrapy.downloadermiddlewares.downloadtimeout.DownloadTimeoutMiddleware',
 'scrapy.downloadermiddlewares.defaultheaders.DefaultHeadersMiddleware',
 'scrapy.downloadermiddlewares.useragent.UserAgentMiddleware',
 'scrapy.downloadermiddlewares.retry.RetryMiddleware',
 'scrapy.downloadermiddlewares.redirect.MetaRefreshMiddleware',
 'scrapy.downloadermiddlewares.httpcompression.HttpCompressionMiddleware',
 'scrapy.downloadermiddlewares.redirect.RedirectMiddleware',
 'scrapy.downloadermiddlewares.cookies.CookiesMiddleware',
 'scrapy.downloadermiddlewares.httpproxy.HttpProxyMiddleware',
 'scrapy.downloadermiddlewares.stats.DownloaderStats']
2023-08-08 11:48:36 [scrapy.middleware] INFO: Enabled spider middlewares:
['scrapy.spidermiddlewares.httperror.HttpErrorMiddleware',
 'scrapy.spidermiddlewares.offsite.OffsiteMiddleware',
 'scrapy.spidermiddlewares.referer.RefererMiddleware',
 'scrapy.spidermiddlewares.urllength.UrlLengthMiddleware',
 'scrapy.spidermiddlewares.depth.DepthMiddleware']
2023-08-08 11:48:36 [scrapy.middleware] INFO: Enabled item pipelines:
[]
2023-08-08 11:48:36 [scrapy.core.engine] INFO: Spider opened
2023-08-08 11:48:36 [scrapy.extensions.logstats] INFO: Crawled 0 pages (at 0 pages/min), scraped 0 items (at 0 items/min)
2023-08-08 11:48:36 [scrapy.extensions.telnet] INFO: Telnet console listening on 127.0.0.1:6023
2023-08-08 11:48:37 [scrapy.core.engine] INFO: Closing spider (finished)
2023-08-08 11:48:37 [scrapy.statscollectors] INFO: Dumping Scrapy stats:
{'downloader/request_bytes': 332,
 'downloader/request_count': 1,
 'downloader/request_method_count/GET': 1,
 'downloader/response_bytes': 92783,
 'downloader/response_count': 1,
 'downloader/response_status_count/200': 1,
 'elapsed_time_seconds': 0.71884,
 'finish_reason': 'finished',
 'finish_time': datetime.datetime(2023, 8, 8, 2, 48, 37, 396673),
 'httpcompression/response_bytes': 406435,
 'httpcompression/response_count': 1,
 'log_count/INFO': 10,
 'memusage/max': 61497344,
 'memusage/startup': 61497344,
 'response_received_count': 1,
 'scheduler/dequeued': 1,
 'scheduler/dequeued/memory': 1,
 'scheduler/enqueued': 1,
 'scheduler/enqueued/memory': 1,
 'start_time': datetime.datetime(2023, 8, 8, 2, 48, 36, 677833)}
2023-08-08 11:48:37 [scrapy.core.engine] INFO: Spider closed (finished)
